Determining if the pthread_create exist failed with the following output:
Change Dir: /home/kevin/src/RobotAsAService/snappy-client/catkin_ws/build/CMakeFiles/CMakeTmp

Run Build Command:"/usr/bin/make" "cmTryCompileExec519641937/fast"
/usr/bin/make -f CMakeFiles/cmTryCompileExec519641937.dir/build.make CMakeFiles/cmTryCompileExec519641937.dir/build
make[1]: Entering directory `/home/kevin/src/RobotAsAService/snappy-client/catkin_ws/build/CMakeFiles/CMakeTmp'
/usr/bin/cmake -E cmake_progress_report /home/kevin/src/RobotAsAService/snappy-client/catkin_ws/build/CMakeFiles/CMakeTmp/CMakeFiles 1
Building C object CMakeFiles/cmTryCompileExec519641937.dir/CheckSymbolExists.c.o
/usr/bin/cc    -o CMakeFiles/cmTryCompileExec519641937.dir/CheckSymbolExists.c.o   -c /home/kevin/src/RobotAsAService/snappy-client/catkin_ws/build/CMakeFiles/CMakeTmp/CheckSymbolExists.c
Linking C executable cmTryCompileExec519641937
/usr/bin/cmake -E cmake_link_script CMakeFiles/cmTryCompileExec519641937.dir/link.txt --verbose=1
/usr/bin/cc       CMakeFiles/cmTryCompileExec519641937.dir/CheckSymbolExists.c.o  -o cmTryCompileExec519641937 -rdynamic 
CMakeFiles/cmTryCompileExec519641937.dir/CheckSymbolExists.c.o: In function `main':
CheckSymbolExists.c:(.text+0x16): undefined reference to `pthread_create'
make[1]: Leaving directory `/home/kevin/src/RobotAsAService/snappy-client/catkin_ws/build/CMakeFiles/CMakeTmp'
collect2: error: ld returned 1 exit status
make[1]: *** [cmTryCompileExec519641937] Error 1
make: *** [cmTryCompileExec519641937/fast] Error 2

File /home/kevin/src/RobotAsAService/snappy-client/catkin_ws/build/CMakeFiles/CMakeTmp/CheckSymbolExists.c:
/* */
#include <pthread.h>

int main(int argc, char** argv)
{
  (void)argv;
#ifndef pthread_create
  return ((int*)(&pthread_create))[argc];
#else
  (void)argc;
  return 0;
#endif
}

Determining if the function pthread_create exists in the pthreads failed with the following output:
Change Dir: /home/kevin/src/RobotAsAService/snappy-client/catkin_ws/build/CMakeFiles/CMakeTmp

Run Build Command:"/usr/bin/make" "cmTryCompileExec3176651207/fast"
/usr/bin/make -f CMakeFiles/cmTryCompileExec3176651207.dir/build.make CMakeFiles/cmTryCompileExec3176651207.dir/build
make[1]: Entering directory `/home/kevin/src/RobotAsAService/snappy-client/catkin_ws/build/CMakeFiles/CMakeTmp'
/usr/bin/cmake -E cmake_progress_report /home/kevin/src/RobotAsAService/snappy-client/catkin_ws/build/CMakeFiles/CMakeTmp/CMakeFiles 1
Building C object CMakeFiles/cmTryCompileExec3176651207.dir/CheckFunctionExists.c.o
/usr/bin/cc   -DCHECK_FUNCTION_EXISTS=pthread_create   -o CMakeFiles/cmTryCompileExec3176651207.dir/CheckFunctionExists.c.o   -c /usr/share/cmake-3.2/Modules/CheckFunctionExists.c
Linking C executable cmTryCompileExec3176651207
/usr/bin/cmake -E cmake_link_script CMakeFiles/cmTryCompileExec3176651207.dir/link.txt --verbose=1
/usr/bin/cc   -DCHECK_FUNCTION_EXISTS=pthread_create    CMakeFiles/cmTryCompileExec3176651207.dir/CheckFunctionExists.c.o  -o cmTryCompileExec3176651207 -rdynamic -lpthreads 
/usr/bin/ld: cannot find -lpthreads
make[1]: Leaving directory `/home/kevin/src/RobotAsAService/snappy-client/catkin_ws/build/CMakeFiles/CMakeTmp'
collect2: error: ld returned 1 exit status
make[1]: *** [cmTryCompileExec3176651207] Error 1
make: *** [cmTryCompileExec3176651207/fast] Error 2


